[Licensing::Module] Trying to connect to existing licensing client channel...
Built from '6000.2/respin/6000.2.6f2-cc51a95c03' branch; Version is '6000.2.6f2 (4a4dcaec6541) revision 4869578'; Using compiler version '194234433'; Build Type 'Release'
OS: 'Windows 11  (10.0.26200) 64bit Professional' Language: 'en' Physical Memory: 7876 MB
BatchMode: 1, IsHumanControllingUs: 0, StartBugReporterOnCrash: 0, Is64bit: 1
Date: 2025-10-29T13:11:35Z
[Licensing::IpcConnector] Successfully connected to: "LicenseClient-CoryJones" at "2025-10-29T13:11:35.9867462Z"

COMMAND LINE ARGUMENTS:
C:\Program Files\Unity\Hub\Editor\6000.2.6f2\Editor\Unity.exe
-adb2
-batchMode
-noUpm
-name
AssetImportWorker2
-projectPath
C:/Users/CoryJones/OneDrive - The Academy Charter School/Documents/GitHub/bunny-ball/Bunny Ball
-logFile
Logs/AssetImportWorker2.log
-srvPort
55417
-licensingIpc
LicenseClient-CoryJones
-job-worker-count
5
-background-job-worker-count
8
-gc-helper-count
1
-name
AssetImport
Successfully changed project path to: C:/Users/CoryJones/OneDrive - The Academy Charter School/Documents/GitHub/bunny-ball/Bunny Ball
C:/Users/CoryJones/OneDrive - The Academy Charter School/Documents/GitHub/bunny-ball/Bunny Ball
[UnityMemory] Configuration Parameters - Can be set up in boot.config
    "memorysetup-allocator-temp-initial-block-size-main=262144"
    "memorysetup-allocator-temp-initial-block-size-worker=262144"
    "memorysetup-bucket-allocator-granularity=16"
    "memorysetup-bucket-allocator-bucket-count=8"
    "memorysetup-bucket-allocator-block-size=33554432"
    "memorysetup-bucket-allocator-block-count=8"
    "memorysetup-main-allocator-block-size=16777216"
    "memorysetup-thread-allocator-block-size=16777216"
    "memorysetup-gfx-main-allocator-block-size=16777216"
    "memorysetup-gfx-thread-allocator-block-size=16777216"
    "memorysetup-cache-allocator-block-size=4194304"
    "memorysetup-typetree-allocator-block-size=2097152"
    "memorysetup-profiler-bucket-allocator-granularity=16"
    "memorysetup-profiler-bucket-allocator-bucket-count=8"
    "memorysetup-profiler-bucket-allocator-block-size=33554432"
    "memorysetup-profiler-bucket-allocator-block-count=8"
    "memorysetup-profiler-allocator-block-size=16777216"
    "memorysetup-profiler-editor-allocator-block-size=1048576"
    "memorysetup-temp-allocator-size-main=16777216"
    "memorysetup-job-temp-allocator-block-size=2097152"
    "memorysetup-job-temp-allocator-block-size-background=1048576"
    "memorysetup-job-temp-allocator-reduction-small-platforms=262144"
    "memorysetup-temp-allocator-size-background-worker=32768"
    "memorysetup-temp-allocator-size-job-worker=262144"
    "memorysetup-temp-allocator-size-preload-manager=33554432"
    "memorysetup-temp-allocator-size-nav-mesh-worker=65536"
    "memorysetup-temp-allocator-size-audio-worker=65536"
    "memorysetup-temp-allocator-size-cloud-worker=32768"
    "memorysetup-temp-allocator-size-gi-baking-worker=262144"
    "memorysetup-temp-allocator-size-gi-baking-worker=262144"
    "memorysetup-temp-allocator-size-gi-baking-worker=262144"
    "memorysetup-temp-allocator-size-gi-baking-worker=262144"
    "memorysetup-temp-allocator-size-gi-baking-worker=262144"
    "memorysetup-temp-allocator-size-gfx=262144"
Player connection [2716]  Target information:

Player connection [2716]  * "[IP] 10.220.25.199 [Port] 0 [Flags] 2 [Guid] 3942067263 [EditorId] 3942067263 [Version] 1048832 [Id] WindowsEditor(7,UAC-LS-48449Y3) [Debug] 1 [PackageName] WindowsEditor [ProjectName] Editor" 

Player connection [2716] Host joined multi-casting on [225.0.0.222:54997]...
Player connection [2716] Host joined alternative multi-casting on [225.0.0.222:34997]...
JobSystem: Creating JobQueue using job-worker-count value 5
Input System module state changed to: Initialized.
[Physics::Module] Initialized fallback backend.
[Physics::Module] Id: 0xdecafbad
[Licensing::Client] Code 10 while verifying Licensing Client signature (process Id: 22104, path: "C:/Program Files/Unity Hub/UnityLicensingClient_V1/Unity.Licensing.Client.exe")
[Licensing::Module] LicensingClient has failed validation; ignoring
[Licensing::Client] Error: HandshakeResponse reported an error:
	ResponseCode: 505
	ResponseStatus: Unsupported protocol version '1.17.2'.
[Licensing::Module] Error: Failed to handshake to channel: "LicenseClient-CoryJones"
[Licensing::IpcConnector] LicenseClient-CoryJones channel disconnected successfully.
[Licensing::IpcConnector] Successfully connected to: "LicenseClient-CoryJones-6000.2.6" at "2025-10-29T13:11:36.4147061Z"
Library Redirect Path: Library/
[Licensing::Client] Code 10 while verifying Licensing Client signature (process Id: 10908, path: "C:/Program Files/Unity/Hub/Editor/6000.2.6f2/Editor/Data/Resources/Licensing/Client/Unity.Licensing.Client.exe")
[Licensing::Module] LicensingClient has failed validation; ignoring
[Licensing::Client] Handshaking with LicensingClient:
  Version:                 1.17.2+ff71f16
  Session Id:              3a6f641ccf604c00a09bd88e1ce440d1
  Correlation Id:          4ebad911d4ac0008550519da286458a7
  External correlation Id: 4153287735708725142
  Machine Id:              Y7Qp0Ucq7hVxbCYRSgQvjTXJ+6s=
[Licensing::Module] Successfully connected to LicensingClient on channel: "LicenseClient-CoryJones-6000.2.6" (connect: 0.00s, validation: 0.07s, handshake: 0.09s)
[Licensing::IpcConnector] Successfully connected to: "LicenseClient-CoryJones-6000.2.6-notifications" at "2025-10-29T13:11:36.5796676Z"
[Licensing::Module] Licensing Background thread has ended after 0.60s
[Physics::Module] Selected backend.
[Physics::Module] Name: PhysX
[Physics::Module] Id: 0xf2b8ea05
[Physics::Module] SDK Version: 4.1.2
[Physics::Module] Integration Version: 1.0.0
[Physics::Module] Threading Mode: Multi-Threaded
Refreshing native plugins compatible for Editor in 53.82 ms, found 3 plugins.
Preloading 0 native plugins for Editor in 0.00 ms.
Initialize engine version: 6000.2.6f2 (4a4dcaec6541)
[Subsystems] Discovering subsystems at path C:/Program Files/Unity/Hub/Editor/6000.2.6f2/Editor/Data/Resources/UnitySubsystems
[Subsystems] Discovering subsystems at path C:/Users/CoryJones/OneDrive - The Academy Charter School/Documents/GitHub/bunny-ball/Bunny Ball/Assets
GfxDevice: creating device client; kGfxThreadingModeNonThreaded
d3d12: failed to query info queue interface (0x80004002).
Direct3D:
    Version:         Direct3D 12 [level 12.1]
    Renderer:        Intel(R) UHD Graphics (ID=0xa721)
    Vendor:          Intel
    VRAM:            3938 MB
    App VRAM Budget: 3544 MB
    Driver:          32.0.101.6556
    Unified Memory Architecture
    Cache Coherent UMA
Initialize mono
Mono path[0] = 'C:/Program Files/Unity/Hub/Editor/6000.2.6f2/Editor/Data/Managed'
Mono path[1] = 'C:/Program Files/Unity/Hub/Editor/6000.2.6f2/Editor/Data/MonoBleedingEdge/lib/mono/unityjit-win32'
Mono config path = 'C:/Program Files/Unity/Hub/Editor/6000.2.6f2/Editor/Data/MonoBleedingEdge/etc'
Using monoOptions --debugger-agent=transport=dt_socket,embedding=1,server=y,suspend=n,address=127.0.0.1:56536
Begin MonoManager ReloadAssembly
Registering precompiled unity dll's ...
Register platform support module: C:/Program Files/Unity/Hub/Editor/6000.2.6f2/Editor/Data/PlaybackEngines/WindowsStandaloneSupport/UnityEditor.WindowsStandalone.Extensions.dll
Registered in 0.011806 seconds.
- Loaded All Assemblies, in  2.131 seconds
Native extension for WindowsStandalone target not found
Mono: successfully reloaded assembly
- Finished resetting the current domain, in  1.934 seconds
Domain Reload Profiling: 4057ms
	BeginReloadAssembly (1057ms)
		ExecutionOrderSort (0ms)
		DisableScriptedObjects (0ms)
		BackupInstance (0ms)
		ReleaseScriptingObjects (0ms)
		CreateAndSetChildDomain (10ms)
	RebuildCommonClasses (166ms)
	RebuildNativeTypeToScriptingClass (68ms)
	initialDomainReloadingComplete (249ms)
	LoadAllAssembliesAndSetupDomain (580ms)
		LoadAssemblies (1034ms)
		RebuildTransferFunctionScriptingTraits (0ms)
		AnalyzeDomain (569ms)
			TypeCache.Refresh (563ms)
				TypeCache.ScanAssembly (505ms)
			BuildScriptInfoCaches (1ms)
			ResolveRequiredComponents (2ms)
	FinalizeReload (1937ms)
		ReleaseScriptCaches (0ms)
		RebuildScriptCaches (0ms)
		SetupLoadedEditorAssemblies (1740ms)
			LogAssemblyErrors (0ms)
			InitializePlatformSupportModulesInManaged (212ms)
			SetLoadedEditorAssemblies (13ms)
			BeforeProcessingInitializeOnLoad (476ms)
			ProcessInitializeOnLoadAttributes (728ms)
			ProcessInitializeOnLoadMethodAttributes (310ms)
			AfterProcessingInitializeOnLoad (0ms)
			EditorAssembliesLoaded (2ms)
		ExecutionOrderSort2 (0ms)
		AwakeInstancesAfterBackupRestoration (0ms)
========================================================================
Worker process is ready to serve import requests
Import Worker Mode flag is 0x00
Begin MonoManager ReloadAssembly
[Licensing::Client] Successfully resolved entitlement details
[Licensing::Module] License group:
  Id: 2475688427237-UnityPersXXXX
  Product: Unity Personal
  Type: Assigned
  Expiration: Unlimited
Symbol file LoadedFromMemory is not a mono symbol file
- Loaded All Assemblies, in  7.353 seconds
Refreshing native plugins compatible for Editor in 230.63 ms, found 3 plugins.
Native extension for WindowsStandalone target not found
Package Manager log level set to [2]
[Package Manager] Failed to launch server process. Reason: Unity was launched with the -noUpm command-line argument
[Package Manager] Unable to send message (not connected to server process).
[Package Manager] Cannot connect to Unity Package Manager local server
Refreshing native plugins compatible for Editor in 64.74 ms, found 3 plugins.
Mono: successfully reloaded assembly
- Finished resetting the current domain, in 11.868 seconds
Domain Reload Profiling: 19175ms
	BeginReloadAssembly (879ms)
		ExecutionOrderSort (0ms)
		DisableScriptedObjects (27ms)
		BackupInstance (0ms)
		ReleaseScriptingObjects (0ms)
		CreateAndSetChildDomain (85ms)
	RebuildCommonClasses (141ms)
	RebuildNativeTypeToScriptingClass (72ms)
	initialDomainReloadingComplete (191ms)
	LoadAllAssembliesAndSetupDomain (6015ms)
		LoadAssemblies (3274ms)
		RebuildTransferFunctionScriptingTraits (0ms)
		AnalyzeDomain (3300ms)
			TypeCache.Refresh (2616ms)
				TypeCache.ScanAssembly (2512ms)
			BuildScriptInfoCaches (605ms)
			ResolveRequiredComponents (59ms)
	FinalizeReload (11877ms)
		ReleaseScriptCaches (0ms)
		RebuildScriptCaches (0ms)
		SetupLoadedEditorAssemblies (10692ms)
			LogAssemblyErrors (0ms)
			InitializePlatformSupportModulesInManaged (13ms)
			SetLoadedEditorAssemblies (41ms)
			BeforeProcessingInitializeOnLoad (991ms)
			ProcessInitializeOnLoadAttributes (5779ms)
			ProcessInitializeOnLoadMethodAttributes (3822ms)
			AfterProcessingInitializeOnLoad (39ms)
			EditorAssembliesLoaded (6ms)
		ExecutionOrderSort2 (0ms)
		AwakeInstancesAfterBackupRestoration (56ms)
WARNING: Shader Unsupported: 'Hidden/Universal Render Pipeline/Terrain/Lit (Base Pass)' - All subshaders removed
WARNING: Shader Did you use #pragma only_renderers and omit this platform?
WARNING: Shader If subshaders removal was intentional, you may have forgotten turning Fallback off?
WARNING: Shader Unsupported: 'Hidden/Universal Render Pipeline/Terrain/Lit (Base Pass)' - All subshaders removed
WARNING: Shader Did you use #pragma only_renderers and omit this platform?
WARNING: Shader If subshaders removal was intentional, you may have forgotten turning Fallback off?
WARNING: Shader Unsupported: 'Universal Render Pipeline/Terrain/Lit' - All subshaders removed
WARNING: Shader Did you use #pragma only_renderers and omit this platform?
WARNING: Shader If subshaders removal was intentional, you may have forgotten turning Fallback off?
WARNING: Shader Unsupported: 'Universal Render Pipeline/Terrain/Lit' - All subshaders removed
WARNING: Shader Did you use #pragma only_renderers and omit this platform?
WARNING: Shader If subshaders removal was intentional, you may have forgotten turning Fallback off?
Launched and connected shader compiler UnityShaderCompiler.exe after 0.08 seconds
Refreshing native plugins compatible for Editor in 92.46 ms, found 3 plugins.
Preloading 0 native plugins for Editor in 0.00 ms.
Unloading 35 Unused Serialized files (Serialized files now loaded: 0)
Unloading 7474 unused Assets / (6.8 MB). Loaded Objects now: 8004.
Memory consumption went from 134.6 MB to 127.8 MB.
Total: 113.643900 ms (FindLiveObjects: 15.992500 ms CreateObjectMapping: 3.884100 ms MarkObjects: 68.430100 ms  DeleteObjects: 25.327300 ms)

========================================================================
Received Import Request.
  Time since last request: 1298997.391625 seconds.
  path: Assets/UnityTechnologies/BunnyBall/Scripts/LevelManager.cs
  artifactKey: Guid(d9559c9885bde564987af54ca8c4cac1) Importer(2089858483,192608db42251d675da83286b1cce702)
Start importing Assets/UnityTechnologies/BunnyBall/Scripts/LevelManager.cs using Guid(d9559c9885bde564987af54ca8c4cac1) Importer(2089858483,192608db42251d675da83286b1cce702) (ScriptedImporter) -> (artifact id: '2b70a178f68e4c8bb596a4e9aacbc993') in 1.2124646 seconds
Number of updated asset objects reloaded before import = 0Number of asset objects unloaded after import = 0

========================================================================
Received Prepare
Begin MonoManager ReloadAssembly
[Licensing::Client] Successfully resolved entitlement details
Symbol file LoadedFromMemory is not a mono symbol file
- Loaded All Assemblies, in 30.640 seconds
Refreshing native plugins compatible for Editor in 85.30 ms, found 3 plugins.
Native extension for WindowsStandalone target not found
[Package Manager] Failed to launch server process. Reason: Unity was launched with the -noUpm command-line argument
[Package Manager] Unable to send message (not connected to server process).
[Package Manager] Cannot connect to Unity Package Manager local server
Mono: successfully reloaded assembly
- Finished resetting the current domain, in  8.124 seconds
Domain Reload Profiling: 38974ms
	BeginReloadAssembly (15757ms)
		ExecutionOrderSort (16ms)
		DisableScriptedObjects (3085ms)
		BackupInstance (0ms)
		ReleaseScriptingObjects (18ms)
		CreateAndSetChildDomain (7369ms)
	RebuildCommonClasses (296ms)
	RebuildNativeTypeToScriptingClass (113ms)
	initialDomainReloadingComplete (367ms)
	LoadAllAssembliesAndSetupDomain (14303ms)
		LoadAssemblies (11347ms)
		RebuildTransferFunctionScriptingTraits (0ms)
		AnalyzeDomain (4723ms)
			TypeCache.Refresh (453ms)
				TypeCache.ScanAssembly (17ms)
			BuildScriptInfoCaches (3983ms)
			ResolveRequiredComponents (148ms)
	FinalizeReload (8138ms)
		ReleaseScriptCaches (0ms)
		RebuildScriptCaches (0ms)
		SetupLoadedEditorAssemblies (6779ms)
			LogAssemblyErrors (0ms)
			InitializePlatformSupportModulesInManaged (13ms)
			SetLoadedEditorAssemblies (38ms)
			BeforeProcessingInitializeOnLoad (1034ms)
			ProcessInitializeOnLoadAttributes (3927ms)
			ProcessInitializeOnLoadMethodAttributes (1721ms)
			AfterProcessingInitializeOnLoad (38ms)
			EditorAssembliesLoaded (8ms)
		ExecutionOrderSort2 (0ms)
		AwakeInstancesAfterBackupRestoration (86ms)
WARNING: Shader Unsupported: 'Hidden/Universal Render Pipeline/Terrain/Lit (Base Pass)' - All subshaders removed
WARNING: Shader Did you use #pragma only_renderers and omit this platform?
WARNING: Shader If subshaders removal was intentional, you may have forgotten turning Fallback off?
WARNING: Shader Unsupported: 'Hidden/Universal Render Pipeline/Terrain/Lit (Base Pass)' - All subshaders removed
WARNING: Shader Did you use #pragma only_renderers and omit this platform?
WARNING: Shader If subshaders removal was intentional, you may have forgotten turning Fallback off?
WARNING: Shader Unsupported: 'Universal Render Pipeline/Terrain/Lit' - All subshaders removed
WARNING: Shader Did you use #pragma only_renderers and omit this platform?
WARNING: Shader If subshaders removal was intentional, you may have forgotten turning Fallback off?
WARNING: Shader Unsupported: 'Universal Render Pipeline/Terrain/Lit' - All subshaders removed
WARNING: Shader Did you use #pragma only_renderers and omit this platform?
WARNING: Shader If subshaders removal was intentional, you may have forgotten turning Fallback off?
Refreshing native plugins compatible for Editor in 42.30 ms, found 3 plugins.
Preloading 0 native plugins for Editor in 0.00 ms.
Unloading 35 Unused Serialized files (Serialized files now loaded: 0)
Unloading 7472 unused Assets / (7.2 MB). Loaded Objects now: 8008.
Memory consumption went from 137.0 MB to 129.8 MB.
Total: 102.918600 ms (FindLiveObjects: 3.756400 ms CreateObjectMapping: 2.884100 ms MarkObjects: 79.323600 ms  DeleteObjects: 16.943000 ms)

Prepare: number of updated asset objects reloaded= 0
========================================================================
Received Prepare
WARNING: Shader Unsupported: 'Hidden/Universal Render Pipeline/Terrain/Lit (Base Pass)' - All subshaders removed
WARNING: Shader Did you use #pragma only_renderers and omit this platform?
WARNING: Shader If subshaders removal was intentional, you may have forgotten turning Fallback off?
WARNING: Shader Unsupported: 'Hidden/Universal Render Pipeline/Terrain/Lit (Base Pass)' - All subshaders removed
WARNING: Shader Did you use #pragma only_renderers and omit this platform?
WARNING: Shader If subshaders removal was intentional, you may have forgotten turning Fallback off?
WARNING: Shader Unsupported: 'Universal Render Pipeline/Terrain/Lit' - All subshaders removed
WARNING: Shader Did you use #pragma only_renderers and omit this platform?
WARNING: Shader If subshaders removal was intentional, you may have forgotten turning Fallback off?
WARNING: Shader Unsupported: 'Universal Render Pipeline/Terrain/Lit' - All subshaders removed
WARNING: Shader Did you use #pragma only_renderers and omit this platform?
WARNING: Shader If subshaders removal was intentional, you may have forgotten turning Fallback off?
Refreshing native plugins compatible for Editor in 29.57 ms, found 3 plugins.
Preloading 0 native plugins for Editor in 0.00 ms.
Unloading 35 Unused Serialized files (Serialized files now loaded: 0)
Unloading 7436 unused Assets / (6.7 MB). Loaded Objects now: 8008.
Memory consumption went from 137.7 MB to 131.0 MB.
Total: 278.653100 ms (FindLiveObjects: 8.183700 ms CreateObjectMapping: 2.626100 ms MarkObjects: 253.755000 ms  DeleteObjects: 14.078400 ms)

Prepare: number of updated asset objects reloaded= 0
========================================================================
Received Import Request.
  Time since last request: 900.380874 seconds.
  path: Assets/UnityTechnologies/BunnyBall/Scripts/LevelManager.cs
  artifactKey: Guid(d9559c9885bde564987af54ca8c4cac1) Importer(815301076,1909f56bfc062723c751e8b465ee728b)
Start importing Assets/UnityTechnologies/BunnyBall/Scripts/LevelManager.cs using Guid(d9559c9885bde564987af54ca8c4cac1) Importer(815301076,1909f56bfc062723c751e8b465ee728b) (PreviewImporter) -> (artifact id: '4830afc6ca003a120ed950cbf72e3cff') in 0.4282699 seconds
Number of updated asset objects reloaded before import = 0Number of asset objects unloaded after import = 0

========================================================================
Received Prepare
Begin MonoManager ReloadAssembly
[Licensing::Client] Successfully resolved entitlement details
Symbol file LoadedFromMemory is not a mono symbol file
- Loaded All Assemblies, in 20.893 seconds
Refreshing native plugins compatible for Editor in 32.76 ms, found 3 plugins.
Native extension for WindowsStandalone target not found
[Package Manager] Failed to launch server process. Reason: Unity was launched with the -noUpm command-line argument
[Package Manager] Unable to send message (not connected to server process).
[Package Manager] Cannot connect to Unity Package Manager local server
Mono: successfully reloaded assembly
- Finished resetting the current domain, in  6.940 seconds
Domain Reload Profiling: 27863ms
	BeginReloadAssembly (7757ms)
		ExecutionOrderSort (4ms)
		DisableScriptedObjects (513ms)
		BackupInstance (0ms)
		ReleaseScriptingObjects (7ms)
		CreateAndSetChildDomain (3359ms)
	RebuildCommonClasses (277ms)
	RebuildNativeTypeToScriptingClass (70ms)
	initialDomainReloadingComplete (331ms)
	LoadAllAssembliesAndSetupDomain (12482ms)
		LoadAssemblies (11706ms)
		RebuildTransferFunctionScriptingTraits (0ms)
		AnalyzeDomain (3128ms)
			TypeCache.Refresh (541ms)
				TypeCache.ScanAssembly (38ms)
			BuildScriptInfoCaches (2416ms)
			ResolveRequiredComponents (62ms)
	FinalizeReload (6946ms)
		ReleaseScriptCaches (0ms)
		RebuildScriptCaches (0ms)
		SetupLoadedEditorAssemblies (6005ms)
			LogAssemblyErrors (0ms)
			InitializePlatformSupportModulesInManaged (14ms)
			SetLoadedEditorAssemblies (24ms)
			BeforeProcessingInitializeOnLoad (1286ms)
			ProcessInitializeOnLoadAttributes (3541ms)
			ProcessInitializeOnLoadMethodAttributes (1115ms)
			AfterProcessingInitializeOnLoad (16ms)
			EditorAssembliesLoaded (8ms)
		ExecutionOrderSort2 (0ms)
		AwakeInstancesAfterBackupRestoration (44ms)
WARNING: Shader Unsupported: 'Hidden/Universal Render Pipeline/Terrain/Lit (Base Pass)' - All subshaders removed
WARNING: Shader Did you use #pragma only_renderers and omit this platform?
WARNING: Shader If subshaders removal was intentional, you may have forgotten turning Fallback off?
WARNING: Shader Unsupported: 'Hidden/Universal Render Pipeline/Terrain/Lit (Base Pass)' - All subshaders removed
WARNING: Shader Did you use #pragma only_renderers and omit this platform?
WARNING: Shader If subshaders removal was intentional, you may have forgotten turning Fallback off?
WARNING: Shader Unsupported: 'Universal Render Pipeline/Terrain/Lit' - All subshaders removed
WARNING: Shader Did you use #pragma only_renderers and omit this platform?
WARNING: Shader If subshaders removal was intentional, you may have forgotten turning Fallback off?
WARNING: Shader Unsupported: 'Universal Render Pipeline/Terrain/Lit' - All subshaders removed
WARNING: Shader Did you use #pragma only_renderers and omit this platform?
WARNING: Shader If subshaders removal was intentional, you may have forgotten turning Fallback off?
Refreshing native plugins compatible for Editor in 62.72 ms, found 3 plugins.
Preloading 0 native plugins for Editor in 0.00 ms.
Unloading 35 Unused Serialized files (Serialized files now loaded: 0)
Unloading 7472 unused Assets / (6.4 MB). Loaded Objects now: 8010.
Memory consumption went from 137.0 MB to 130.6 MB.
Total: 109.868100 ms (FindLiveObjects: 6.113900 ms CreateObjectMapping: 1.983300 ms MarkObjects: 86.113400 ms  DeleteObjects: 15.643700 ms)

Prepare: number of updated asset objects reloaded= 0
========================================================================
Received Import Request.
  Time since last request: 209.862276 seconds.
  path: Assets/UnityTechnologies/BunnyBall/Scenes/Level1.unity
  artifactKey: Guid(4d1bd210cfb109d408a92d01118d79a8) Importer(815301076,1909f56bfc062723c751e8b465ee728b)
Start importing Assets/UnityTechnologies/BunnyBall/Scenes/Level1.unity using Guid(4d1bd210cfb109d408a92d01118d79a8) Importer(815301076,1909f56bfc062723c751e8b465ee728b) (PreviewImporter) -> (artifact id: '1a352b6be4c42c50f682e437650bf48e') in 0.0383129 seconds
Number of updated asset objects reloaded before import = 0Number of asset objects unloaded after import = 0

========================================================================
Received Import Request.
  Time since last request: 0.496223 seconds.
  path: Assets/UnityTechnologies/BunnyBall/Scripts/LevelManager.cs
  artifactKey: Guid(d9559c9885bde564987af54ca8c4cac1) Importer(2089858483,192608db42251d675da83286b1cce702)
Start importing Assets/UnityTechnologies/BunnyBall/Scripts/LevelManager.cs using Guid(d9559c9885bde564987af54ca8c4cac1) Importer(2089858483,192608db42251d675da83286b1cce702) (ScriptedImporter) -> (artifact id: 'b14d33999cf38912fd740213a6212fd8') in 0.7257627 seconds
Number of updated asset objects reloaded before import = 0Number of asset objects unloaded after import = 0

========================================================================
Received Import Request.
  Time since last request: 1.659068 seconds.
  path: Assets/UnityTechnologies/BunnyBall/Scenes/Level1 1.unity
  artifactKey: Guid(1ad63882436f7d246b93087413cf19a0) Importer(815301076,1909f56bfc062723c751e8b465ee728b)
Start importing Assets/UnityTechnologies/BunnyBall/Scenes/Level1 1.unity using Guid(1ad63882436f7d246b93087413cf19a0) Importer(815301076,1909f56bfc062723c751e8b465ee728b) (PreviewImporter) -> (artifact id: '6dcbab1fe3098ccf5d1a7a413f2bada4') in 0.002923 seconds
Number of updated asset objects reloaded before import = 0Number of asset objects unloaded after import = 0

========================================================================
Received Import Request.
  Time since last request: 1.715710 seconds.
  path: Assets/UnityTechnologies/BunnyBall/Scenes/Level1 2.unity
  artifactKey: Guid(402ac2b777557d44d8cf47c7977622fe) Importer(815301076,1909f56bfc062723c751e8b465ee728b)
Start importing Assets/UnityTechnologies/BunnyBall/Scenes/Level1 2.unity using Guid(402ac2b777557d44d8cf47c7977622fe) Importer(815301076,1909f56bfc062723c751e8b465ee728b) (PreviewImporter) -> (artifact id: '43fb2f35cdbd5187d065920d3b2733e3') in 0.0050541 seconds
Number of updated asset objects reloaded before import = 0Number of asset objects unloaded after import = 0

========================================================================
Received Import Request.
  Time since last request: 1.234292 seconds.
  path: Assets/TextMesh Pro/Examples & Extras/Resources/Fonts & Materials/Bangers SDF Logo - URP.mat
  artifactKey: Guid(6751ce1a4611b3940812c13a6847d94f) Importer(2089858483,192608db42251d675da83286b1cce702)
Start importing Assets/TextMesh Pro/Examples & Extras/Resources/Fonts & Materials/Bangers SDF Logo - URP.mat using Guid(6751ce1a4611b3940812c13a6847d94f) Importer(2089858483,192608db42251d675da83286b1cce702) (ScriptedImporter) -> (artifact id: '0b820b41c6f26e428b064ad2949c5591') in 0.3280071 seconds
Number of updated asset objects reloaded before import = 0Number of asset objects unloaded after import = 5

========================================================================
Received Import Request.
  Time since last request: 0.000122 seconds.
  path: Assets/TextMesh Pro/Examples & Extras/Materials/Crate - URP.mat
  artifactKey: Guid(3b5cc91c3bf8cf74391252247f52fb59) Importer(2089858483,192608db42251d675da83286b1cce702)
Start importing Assets/TextMesh Pro/Examples & Extras/Materials/Crate - URP.mat using Guid(3b5cc91c3bf8cf74391252247f52fb59) Importer(2089858483,192608db42251d675da83286b1cce702) (ScriptedImporter) -> (artifact id: '27721ffd3f8280e45d042ebf8c3f7454') in 0.1911146 seconds
Number of updated asset objects reloaded before import = 0Number of asset objects unloaded after import = 4

========================================================================
Received Import Request.
  Time since last request: 0.000114 seconds.
  path: Assets/UnityTechnologies/BunnyBall/Scenes/Level1 2.unity
  artifactKey: Guid(402ac2b777557d44d8cf47c7977622fe) Importer(2089858483,192608db42251d675da83286b1cce702)
Start importing Assets/UnityTechnologies/BunnyBall/Scenes/Level1 2.unity using Guid(402ac2b777557d44d8cf47c7977622fe) Importer(2089858483,192608db42251d675da83286b1cce702) (ScriptedImporter) -> (artifact id: '0071b5cc22fcf62f35ce53512eaff555') in 0.131259 seconds
Number of updated asset objects reloaded before import = 0Number of asset objects unloaded after import = 1

========================================================================
Received Import Request.
  Time since last request: 0.000262 seconds.
  path: Assets/TextMesh Pro/Examples & Extras/Resources/Fonts & Materials/Roboto-Bold SDF - URP.mat
  artifactKey: Guid(90722b8bd74d9aa49958562aff7bdf76) Importer(2089858483,192608db42251d675da83286b1cce702)
Start importing Assets/TextMesh Pro/Examples & Extras/Resources/Fonts & Materials/Roboto-Bold SDF - URP.mat using Guid(90722b8bd74d9aa49958562aff7bdf76) Importer(2089858483,192608db42251d675da83286b1cce702) (ScriptedImporter) -> (artifact id: 'bc9b42a3d95eb19366453e67d1198167') in 0.2208366 seconds
Number of updated asset objects reloaded before import = 0Number of asset objects unloaded after import = 3

========================================================================
Received Import Request.
  Time since last request: 0.000073 seconds.
  path: Assets/UnityTechnologies/BunnyBall/Scenes/Level1 1.unity
  artifactKey: Guid(1ad63882436f7d246b93087413cf19a0) Importer(2089858483,192608db42251d675da83286b1cce702)
Start importing Assets/UnityTechnologies/BunnyBall/Scenes/Level1 1.unity using Guid(1ad63882436f7d246b93087413cf19a0) Importer(2089858483,192608db42251d675da83286b1cce702) (ScriptedImporter) -> (artifact id: '1c551025bb12f119bda7ecb70a686f5b') in 0.1095338 seconds
Number of updated asset objects reloaded before import = 0Number of asset objects unloaded after import = 1

========================================================================
Received Import Request.
  Time since last request: 5.366317 seconds.
  path: Assets/UnityTechnologies/BunnyBall/Scenes/Level1.unity
  artifactKey: Guid(4d1bd210cfb109d408a92d01118d79a8) Importer(2089858483,192608db42251d675da83286b1cce702)
Start importing Assets/UnityTechnologies/BunnyBall/Scenes/Level1.unity using Guid(4d1bd210cfb109d408a92d01118d79a8) Importer(2089858483,192608db42251d675da83286b1cce702) (ScriptedImporter) -> (artifact id: '5d7a2905e18e3fb1fbb051758b8ef9d9') in 0.1665685 seconds
Number of updated asset objects reloaded before import = 0Number of asset objects unloaded after import = 1

========================================================================
Received Import Request.
  Time since last request: 0.072174 seconds.
  path: Assets/UnityTechnologies/BunnyBall/Scenes/Level3.unity
  artifactKey: Guid(402ac2b777557d44d8cf47c7977622fe) Importer(815301076,1909f56bfc062723c751e8b465ee728b)
Start importing Assets/UnityTechnologies/BunnyBall/Scenes/Level3.unity using Guid(402ac2b777557d44d8cf47c7977622fe) Importer(815301076,1909f56bfc062723c751e8b465ee728b) (PreviewImporter) -> (artifact id: '5f6b82e97e5aaba8fbd642f3f980fb95') in 0.0095163 seconds
Number of updated asset objects reloaded before import = 0Number of asset objects unloaded after import = 0

========================================================================
Received Import Request.
  Time since last request: 1.675602 seconds.
  path: Assets/UnityTechnologies/BunnyBall/Scenes/Level3.unity
  artifactKey: Guid(402ac2b777557d44d8cf47c7977622fe) Importer(2089858483,192608db42251d675da83286b1cce702)
Start importing Assets/UnityTechnologies/BunnyBall/Scenes/Level3.unity using Guid(402ac2b777557d44d8cf47c7977622fe) Importer(2089858483,192608db42251d675da83286b1cce702) (ScriptedImporter) -> (artifact id: 'a507f70be7754ec6207e20b673f25651') in 0.3533205 seconds
Number of updated asset objects reloaded before import = 0Number of asset objects unloaded after import = 1

========================================================================
Received Import Request.
  Time since last request: 3.844529 seconds.
  path: Assets/UnityTechnologies/BunnyBall/Scenes/Level2.unity
  artifactKey: Guid(1ad63882436f7d246b93087413cf19a0) Importer(815301076,1909f56bfc062723c751e8b465ee728b)
Start importing Assets/UnityTechnologies/BunnyBall/Scenes/Level2.unity using Guid(1ad63882436f7d246b93087413cf19a0) Importer(815301076,1909f56bfc062723c751e8b465ee728b) (PreviewImporter) -> (artifact id: 'f3055a01b1d4baf59bd79c8743843164') in 0.0066743 seconds
Number of updated asset objects reloaded before import = 0Number of asset objects unloaded after import = 0

========================================================================
Received Import Request.
  Time since last request: 0.649486 seconds.
  path: Assets/UnityTechnologies/BunnyBall/Scenes/Level2.unity
  artifactKey: Guid(1ad63882436f7d246b93087413cf19a0) Importer(2089858483,192608db42251d675da83286b1cce702)
Start importing Assets/UnityTechnologies/BunnyBall/Scenes/Level2.unity using Guid(1ad63882436f7d246b93087413cf19a0) Importer(2089858483,192608db42251d675da83286b1cce702) (ScriptedImporter) -> (artifact id: '284d38114295ffb863a56d1283b9eb4e') in 0.1240017 seconds
Number of updated asset objects reloaded before import = 0Number of asset objects unloaded after import = 1

========================================================================
Received Import Request.
  Time since last request: 214.991469 seconds.
  path: Assets/UnityTechnologies/BunnyBall/Scenes/Level1.unity
  artifactKey: Guid(4d1bd210cfb109d408a92d01118d79a8) Importer(2089858483,192608db42251d675da83286b1cce702)
Start importing Assets/UnityTechnologies/BunnyBall/Scenes/Level1.unity using Guid(4d1bd210cfb109d408a92d01118d79a8) Importer(2089858483,192608db42251d675da83286b1cce702) (ScriptedImporter) -> (artifact id: 'be84cc63a9ff388c6d5e713a7bee83f0') in 0.3135227 seconds
Number of updated asset objects reloaded before import = 0Number of asset objects unloaded after import = 1

